<?xml version="1.0" encoding="UTF-8"?>
<!-- Generated by org.testng.reporters.JUnitReportReporter -->
<testsuite skipped="0" hostname="s-PC" name="com.sanqa.rough.Testnew" tests="1" failures="0" timestamp="2020-01-30T09:41:18 IST" time="28.149" errors="0">
  <testcase name="zoho" time="28.149" classname="com.sanqa.rough.Testnew"/>
  <system-out/>
</testsuite> <!-- com.sanqa.rough.Testnew -->
